 * Environment: production
   WARNING: This is a development server. Do not use it in a production deployment.
   Use a production WSGI server instead.
 * Debug mode: off
Usage: flask run [OPTIONS]
Try 'flask run --help' for help.

Error: Failed to find Flask application or factory in module 'app'. Use 'FLASK_APP=app:name' to specify one.
python3: can't open file 'app.py': [Errno 2] No such file or directory
python: can't open file 'app.py': [Errno 2] No such file or directory
python: can't open file 'app.py': [Errno 2] No such file or directory
 * Environment: production
   WARNING: This is a development server. Do not use it in a production deployment.
   Use a production WSGI server instead.
 * Debug mode: off
Usage: flask run [OPTIONS]
Try 'flask run --help' for help.

Error: Failed to find Flask application or factory in module 'app'. Use 'FLASK_APP=app:name' to specify one.
 * Environment: production
   WARNING: This is a development server. Do not use it in a production deployment.
   Use a production WSGI server instead.
 * Debug mode: off
Usage: flask run [OPTIONS]
Try 'flask run --help' for help.

Error: Failed to find Flask application or factory in module 'app'. Use 'FLASK_APP=app:name' to specify one.
